<?xml version="1.0" encoding="UTF-8" ?>
<testsuite errors="0" failures="0" hostname="NickyYue-PC" name="tekdays.TekEventSpec" tests="1" time="3.185" timestamp="2014-09-07T16:11:29">
  <properties />
  <testcase classname="tekdays.TekEventSpec" name="testToString" time="3.116" />
  <system-out><![CDATA[--Output from testToString--
]]></system-out>
  <system-err><![CDATA[--Output from testToString--
]]></system-err>
</testsuite>
